<?xml version="1.0" encoding="UTF-8"?>
<testsuite xmlns:xsi="http://www.w3.org/2001/XMLSchema-instance" xsi:noNamespaceSchemaLocation="https://maven.apache.org/surefire/maven-surefire-plugin/xsd/surefire-test-report-3.0.xsd" version="3.0" name="com.app.crud.repository.BookRepositoryTest" time="6.143" tests="10" errors="0" skipped="0" failures="0">
  <properties>
[...]
</properties>
  <testcase name="findByAuthorFoundTest" classname="com.app.crud.repository.BookRepositoryTest" time="1.215">
    <system-out><![CDATA[2024-04-03T18:06:12.549-06:00  INFO 18952 --- [           main] t.c.s.AnnotationConfigContextLoaderUtils : Could not detect default configuration classes for test class [com.app.crud.repository.BookRepositoryTest]: BookRepositoryTest does not declare any static, non-private, non-final, nested classes annotated with @Configuration.
2024-04-03T18:06:12.630-06:00  INFO 18952 --- [           main] .b.t.c.SpringBootTestContextBootstrapper : Found @SpringBootConfiguration com.app.crud.CrudApplication for test class com.app.crud.repository.BookRepositoryTest
2024-04-03T18:06:12.642-06:00  INFO 18952 --- [           main] o.s.b.d.r.RestartApplicationListener     : Restart disabled due to context in which it is running

  .   ____          _            __ _ _
 /\\ / ___'_ __ _ _(_)_ __  __ _ \ \ \ \
( ( )\___ | '_ | '_| | '_ \/ _` | \ \ \ \
 \\/  ___)| |_)| | | | | || (_| |  ) ) ) )
  '  |____| .__|_| |_|_| |_\__, | / / / /
 =========|_|==============|___/=/_/_/_/
 :: Spring Boot ::                (v3.2.2)

2024-04-03T18:06:12.713-06:00  INFO 18952 --- [           main] c.a.crud.repository.BookRepositoryTest   : Starting BookRepositoryTest using Java 21.0.2 with PID 18952 (started by Tadeo Alvarez in C:\Users\Tadeo Alvarez\Dropbox\PC\Desktop\Projects\JavaProjects\crud\crud)
2024-04-03T18:06:12.713-06:00  INFO 18952 --- [           main] c.a.crud.repository.BookRepositoryTest   : No active profile set, falling back to 1 default profile: "default"
2024-04-03T18:06:13.135-06:00  INFO 18952 --- [           main] .s.d.r.c.RepositoryConfigurationDelegate : Bootstrapping Spring Data JPA repositories in DEFAULT mode.
2024-04-03T18:06:13.189-06:00  INFO 18952 --- [           main] .s.d.r.c.RepositoryConfigurationDelegate : Finished Spring Data repository scanning in 52 ms. Found 6 JPA repository interfaces.
2024-04-03T18:06:13.222-06:00  INFO 18952 --- [           main] beddedDataSourceBeanFactoryPostProcessor : Replacing 'dataSource' DataSource bean with embedded version
2024-04-03T18:06:13.263-06:00  INFO 18952 --- [           main] o.s.j.d.e.EmbeddedDatabaseFactory        : Starting embedded database: url='jdbc:h2:mem:bd73f20e-94db-494e-a198-169ecb46ee06;DB_CLOSE_DELAY=-1;DB_CLOSE_ON_EXIT=false', username='sa'
2024-04-03T18:06:13.586-06:00  INFO 18952 --- [           main] o.hibernate.jpa.internal.util.LogHelper  : HHH000204: Processing PersistenceUnitInfo [name: default]
2024-04-03T18:06:13.594-06:00  INFO 18952 --- [           main] o.h.c.internal.RegionFactoryInitiator    : HHH000026: Second-level cache disabled
2024-04-03T18:06:13.604-06:00  INFO 18952 --- [           main] o.s.o.j.p.SpringPersistenceUnitInfo      : No LoadTimeWeaver setup: ignoring JPA class transformer
2024-04-03T18:06:15.765-06:00  INFO 18952 --- [           main] o.h.e.t.j.p.i.JtaPlatformInitiator       : HHH000489: No JTA platform available (set 'hibernate.transaction.jta.platform' to enable JTA platform integration)
Hibernate: drop table if exists address cascade 
Hibernate: drop table if exists book cascade 
Hibernate: drop table if exists loan cascade 
Hibernate: drop table if exists member cascade 
Hibernate: drop table if exists member_book cascade 
Hibernate: drop table if exists member_permissions cascade 
Hibernate: drop table if exists member_roles cascade 
Hibernate: drop table if exists permission cascade 
Hibernate: drop table if exists role cascade 
Hibernate: create table address (city varchar(50) not null, postal_code varchar(50) not null, state varchar(50) not null, street varchar(50) not null, address_id varchar(255) not null, member_id varchar(255) unique, primary key (address_id))
Hibernate: create table book (amount integer not null, author varchar(50) not null, genre varchar(50) not null, title varchar(50) not null, isbn varchar(255) not null, primary key (isbn))
Hibernate: create table loan (date_borrow timestamp(6) not null, date_limit timestamp(6) not null, id varchar(255) not null, member_id varchar(255) not null, primary key (id))
Hibernate: create table member (age integer, email varchar(250) not null, lastname varchar(250) not null, name varchar(250) not null, password varchar(250) not null, username varchar(250) not null, member_id varchar(255) not null, primary key (member_id))
Hibernate: create table member_book (amount_borrowed integer not null, id varchar(255) not null, isbn varchar(255), loan_id varchar(255), member_id varchar(255), primary key (id))
Hibernate: create table member_permissions (member_id varchar(255) not null, permission_id varchar(255) not null, primary key (member_id, permission_id))
Hibernate: create table member_roles (member_id varchar(255) not null, role_id varchar(255) not null, primary key (member_id, role_id))
Hibernate: create table permission (id varchar(255) not null, name varchar(255) check (name in ('CREATE_BOOK','READ_BOOK','EDIT_BOOK','DELETE_BOOK','CREATE_LOAN','READ_LOAN','EDIT_LOAN','DELETE_LOAN','CREATE_ADDRESS','READ_ADDRESS','EDIT_ADDRESS','DELETE_ADDRESS','CREATE_MEMBER','READ_MEMBER','EDIT_MEMBER','DELETE_MEMBER')), primary key (id))
Hibernate: create table role (id varchar(255) not null, name varchar(255) check (name in ('ADMIN','USER','INVITED')), primary key (id))
Hibernate: alter table if exists address add constraint FKcnw0s8hudme00qu71e3mqd5ih foreign key (member_id) references member
Hibernate: alter table if exists loan add constraint FKskvlv9lnj3plivn0grmqf950f foreign key (member_id) references member
Hibernate: alter table if exists member_book add constraint FKh0apj7k09mm10ictpsomwalnh foreign key (isbn) references book
Hibernate: alter table if exists member_book add constraint FKd2q10wy52l1eufkwkk5g9thgj foreign key (loan_id) references loan
Hibernate: alter table if exists member_book add constraint FKradqd08nxk8cbt0rs225wo5rj foreign key (member_id) references member
Hibernate: alter table if exists member_permissions add constraint FKe3v6hdgoqfhn2ipw2a4dwb3mv foreign key (permission_id) references permission
Hibernate: alter table if exists member_permissions add constraint FKcw5l9ero6vx03e7ni0ni64y3p foreign key (member_id) references member
Hibernate: alter table if exists member_roles add constraint FKe6spxgtlq85rqqqnbaxvqimdk foreign key (role_id) references role
Hibernate: alter table if exists member_roles add constraint FKet63dfllh4o5qa9qwm7f5kx9x foreign key (member_id) references member
2024-04-03T18:06:15.880-06:00  INFO 18952 --- [           main] j.LocalContainerEntityManagerFactoryBean : Initialized JPA EntityManagerFactory for persistence unit 'default'
2024-04-03T18:06:17.069-06:00  INFO 18952 --- [           main] c.a.crud.repository.BookRepositoryTest   : Started BookRepositoryTest in 4.427 seconds (process running for 15.992)
Hibernate: insert into book (amount,author,genre,title,isbn) values (?,?,?,?,?)
Hibernate: select b1_0.isbn,b1_0.amount,b1_0.author,b1_0.genre,b1_0.title from book b1_0 where b1_0.author=?
Hibernate: select b1_0.isbn,b1_0.amount,b1_0.author,b1_0.genre,b1_0.title from book b1_0
]]></system-out>
    <system-err><![CDATA[WARNING: A Java agent has been loaded dynamically (C:\Users\Tadeo Alvarez\.m2\repository\net\bytebuddy\byte-buddy-agent\1.14.11\byte-buddy-agent-1.14.11.jar)
WARNING: If a serviceability tool is in use, please run with -XX:+EnableDynamicAgentLoading to hide this warning
WARNING: If a serviceability tool is not in use, please run with -Djdk.instrument.traceUsage for more information
WARNING: Dynamic loading of agents will be disallowed by default in a future release
]]></system-err>
  </testcase>
  <testcase name="findByAmountFoundTest" classname="com.app.crud.repository.BookRepositoryTest" time="0.029">
    <system-out><![CDATA[Hibernate: insert into book (amount,author,genre,title,isbn) values (?,?,?,?,?)
Hibernate: select b1_0.isbn,b1_0.amount,b1_0.author,b1_0.genre,b1_0.title from book b1_0 where b1_0.amount=?
Hibernate: select b1_0.isbn,b1_0.amount,b1_0.author,b1_0.genre,b1_0.title from book b1_0
]]></system-out>
  </testcase>
  <testcase name="findByTitleNotFoundTest" classname="com.app.crud.repository.BookRepositoryTest" time="0.025">
    <system-out><![CDATA[Hibernate: insert into book (amount,author,genre,title,isbn) values (?,?,?,?,?)
Hibernate: select b1_0.isbn,b1_0.amount,b1_0.author,b1_0.genre,b1_0.title from book b1_0 where b1_0.title=?
Hibernate: select b1_0.isbn,b1_0.amount,b1_0.author,b1_0.genre,b1_0.title from book b1_0
]]></system-out>
  </testcase>
  <testcase name="findByAmountNotFoundTest" classname="com.app.crud.repository.BookRepositoryTest" time="0.019">
    <system-out><![CDATA[Hibernate: insert into book (amount,author,genre,title,isbn) values (?,?,?,?,?)
Hibernate: select b1_0.isbn,b1_0.amount,b1_0.author,b1_0.genre,b1_0.title from book b1_0 where b1_0.amount=?
Hibernate: select b1_0.isbn,b1_0.amount,b1_0.author,b1_0.genre,b1_0.title from book b1_0
]]></system-out>
  </testcase>
  <testcase name="findByISBNNotFoundTest" classname="com.app.crud.repository.BookRepositoryTest" time="0.026">
    <system-out><![CDATA[Hibernate: insert into book (amount,author,genre,title,isbn) values (?,?,?,?,?)
Hibernate: select b1_0.isbn,b1_0.amount,b1_0.author,b1_0.genre,b1_0.title from book b1_0 where b1_0.isbn=?
Hibernate: select b1_0.isbn,b1_0.amount,b1_0.author,b1_0.genre,b1_0.title from book b1_0
]]></system-out>
  </testcase>
  <testcase name="findByISBNFoundTest" classname="com.app.crud.repository.BookRepositoryTest" time="0.017">
    <system-out><![CDATA[Hibernate: insert into book (amount,author,genre,title,isbn) values (?,?,?,?,?)
Hibernate: select b1_0.isbn,b1_0.amount,b1_0.author,b1_0.genre,b1_0.title from book b1_0 where b1_0.isbn=?
Hibernate: select b1_0.isbn,b1_0.amount,b1_0.author,b1_0.genre,b1_0.title from book b1_0
]]></system-out>
  </testcase>
  <testcase name="findByAuthorNotFoundTest" classname="com.app.crud.repository.BookRepositoryTest" time="0.028">
    <system-out><![CDATA[Hibernate: insert into book (amount,author,genre,title,isbn) values (?,?,?,?,?)
Hibernate: select b1_0.isbn,b1_0.amount,b1_0.author,b1_0.genre,b1_0.title from book b1_0 where b1_0.author=?
Hibernate: select b1_0.isbn,b1_0.amount,b1_0.author,b1_0.genre,b1_0.title from book b1_0
]]></system-out>
  </testcase>
  <testcase name="findByGenreNotFoundTest" classname="com.app.crud.repository.BookRepositoryTest" time="0.029">
    <system-out><![CDATA[Hibernate: insert into book (amount,author,genre,title,isbn) values (?,?,?,?,?)
Hibernate: select b1_0.isbn,b1_0.amount,b1_0.author,b1_0.genre,b1_0.title from book b1_0 where b1_0.genre=?
Hibernate: select b1_0.isbn,b1_0.amount,b1_0.author,b1_0.genre,b1_0.title from book b1_0
]]></system-out>
  </testcase>
  <testcase name="findByTitleFoundTest" classname="com.app.crud.repository.BookRepositoryTest" time="0.021">
    <system-out><![CDATA[Hibernate: insert into book (amount,author,genre,title,isbn) values (?,?,?,?,?)
Hibernate: select b1_0.isbn,b1_0.amount,b1_0.author,b1_0.genre,b1_0.title from book b1_0 where b1_0.title=?
Hibernate: select b1_0.isbn,b1_0.amount,b1_0.author,b1_0.genre,b1_0.title from book b1_0
]]></system-out>
  </testcase>
  <testcase name="findByGenreFoundTest" classname="com.app.crud.repository.BookRepositoryTest" time="0.018">
    <system-out><![CDATA[Hibernate: insert into book (amount,author,genre,title,isbn) values (?,?,?,?,?)
Hibernate: select b1_0.isbn,b1_0.amount,b1_0.author,b1_0.genre,b1_0.title from book b1_0 where b1_0.genre=?
Hibernate: select b1_0.isbn,b1_0.amount,b1_0.author,b1_0.genre,b1_0.title from book b1_0
]]></system-out>
  </testcase>
</testsuite>